[2021/5/30 12:29:18-/wuju-uploadclass_asp/example/savetofile.asp]

init



[2021/5/30 12:29:18-/wuju-uploadclass_asp/example/savetofile.asp]

寤虹涓浼瀵硅薄



[2021/5/30 12:29:18-/wuju-uploadclass_asp/example/savetofile.asp]

璁剧疆涓浼绫诲榛



[2021/5/30 12:29:18-/wuju-uploadclass_asp/example/savetofile.asp]

GetData



[2021/5/30 12:29:18-/wuju-uploadclass_asp/example/savetofile.asp]

数据大小430098



[2021/5/30 12:29:18-/wuju-uploadclass_asp/example/savetofile.asp]

Err.number 0



[2021/5/30 12:29:18-/wuju-uploadclass_asp/example/savetofile.asp]

+++++++iFormStart： 430056   iFormEnd: 430098



[2021/5/30 12:29:18-/wuju-uploadclass_asp/example/savetofile.asp]

获取表单



[2021/5/30 12:29:18-/wuju-uploadclass_asp/example/savetofile.asp]

------iFormStart： 430096   iFormEnd: 430098



[2021/5/30 12:29:18-/wuju-uploadclass_asp/example/savetofile.asp]

寰涓浼版,舵澶т浼?0M



[2021/5/30 12:29:18-/wuju-uploadclass_asp/example/savetofile.asp]

FSPath:C:\Users\BianShanghai\Desktop\MyWebServer_43467\web\wuju-uploadclass_asp\example\



[2021/5/30 12:29:18-/wuju-uploadclass_asp/example/savetofile.asp]

ServerPath:



